<?xml version="1.0" encoding="UTF-8"?>
<testng-results ignored="0" total="16" passed="14" failed="2" skipped="0">
  <reporter-output>
  </reporter-output>
  <suite started-at="2025-07-24T14:37:24 IST" name="Default suite" finished-at="2025-07-24T14:41:12 IST" duration-ms="227553">
    <groups>
    </groups>
    <test started-at="2025-07-24T14:37:24 IST" name="Default test" finished-at="2025-07-24T14:41:12 IST" duration-ms="227553">
      <class name="Aircon.AirconTesting.HomeLoginTest">
        <test-method is-config="true" signature="setUp()[pri:0, instance:Aircon.AirconTesting.HomeLoginTest@30c15d8b]" started-at="2025-07-24T14:37:24 IST" name="setUp" finished-at="2025-07-24T14:37:28 IST" duration-ms="3570" status="PASS">
          <reporter-output>
          </reporter-output>
        </test-method> <!-- setUp -->
        <test-method signature="TestCase01()[pri:0, instance:Aircon.AirconTesting.HomeLoginTest@30c15d8b]" started-at="2025-07-24T14:37:28 IST" name="TestCase01" finished-at="2025-07-24T14:37:45 IST" duration-ms="17785" status="FAIL">
          <exception class="org.openqa.selenium.TimeoutException">
            <message>
              <![CDATA[Expected condition failed: waiting for element to be clickable: By.xpath: //a[@href='/why-my-partner'] (tried for 10 second(s) with 500 milliseconds interval)
Build info: version: '4.34.0', revision: '707dcb4246*'
System info: os.name: 'Windows 11', os.arch: 'amd64', os.version: '10.0', java.version: '21.0.5'
Driver info: org.openqa.selenium.chrome.ChromeDriver
Capabilities {acceptInsecureCerts: false, browserName: chrome, browserVersion: 138.0.7204.159, chrome: {chromedriverVersion: 138.0.7204.168 (3e8d82e86e9..., userDataDir: C:\Users\Hi\AppData\Local\T...}, fedcm:accounts: true, goog:chromeOptions: {debuggerAddress: localhost:16672}, networkConnectionEnabled: false, pageLoadStrategy: normal, platformName: windows, proxy: Proxy(), se:cdp: ws://localhost:16672/devtoo..., se:cdpVersion: 138.0.7204.159, setWindowRect: true, strictFileInteractability: false, timeouts: {implicit: 0, pageLoad: 300000, script: 30000}, unhandledPromptBehavior: dismiss and notify, webauthn:extension:credBlob: true, webauthn:extension:largeBlob: true, webauthn:extension:minPinLength: true, webauthn:extension:prf: true, webauthn:virtualAuthenticators: true}
Session ID: feb7ade8d891206044b1cfa953e4dea2]]>
            </message>
            <full-stacktrace>
              <![CDATA[org.openqa.selenium.TimeoutException: Expected condition failed: waiting for element to be clickable: By.xpath: //a[@href='/why-my-partner'] (tried for 10 second(s) with 500 milliseconds interval)
Build info: version: '4.34.0', revision: '707dcb4246*'
System info: os.name: 'Windows 11', os.arch: 'amd64', os.version: '10.0', java.version: '21.0.5'
Driver info: org.openqa.selenium.chrome.ChromeDriver
Capabilities {acceptInsecureCerts: false, browserName: chrome, browserVersion: 138.0.7204.159, chrome: {chromedriverVersion: 138.0.7204.168 (3e8d82e86e9..., userDataDir: C:\Users\Hi\AppData\Local\T...}, fedcm:accounts: true, goog:chromeOptions: {debuggerAddress: localhost:16672}, networkConnectionEnabled: false, pageLoadStrategy: normal, platformName: windows, proxy: Proxy(), se:cdp: ws://localhost:16672/devtoo..., se:cdpVersion: 138.0.7204.159, setWindowRect: true, strictFileInteractability: false, timeouts: {implicit: 0, pageLoad: 300000, script: 30000}, unhandledPromptBehavior: dismiss and notify, webauthn:extension:credBlob: true, webauthn:extension:largeBlob: true, webauthn:extension:minPinLength: true, webauthn:extension:prf: true, webauthn:virtualAuthenticators: true}
Session ID: feb7ade8d891206044b1cfa953e4dea2
at org.openqa.selenium.support.ui.WebDriverWait.timeoutException(WebDriverWait.java:84)
at org.openqa.selenium.support.ui.FluentWait.until(FluentWait.java:228)
at Aircon.AirconTesting.HomeLoginTest.TestCase01(HomeLoginTest.java:57)
at java.base/jdk.internal.reflect.DirectMethodHandleAccessor.invoke(DirectMethodHandleAccessor.java:103)
at java.base/java.lang.reflect.Method.invoke(Method.java:580)
at org.testng.internal.invokers.MethodInvocationHelper.invokeMethod(MethodInvocationHelper.java:141)
at org.testng.internal.invokers.TestInvoker.invokeMethod(TestInvoker.java:687)
at org.testng.internal.invokers.TestInvoker.invokeTestMethod(TestInvoker.java:230)
at org.testng.internal.invokers.MethodRunner.runInSequence(MethodRunner.java:63)
at org.testng.internal.invokers.TestInvoker$MethodInvocationAgent.invoke(TestInvoker.java:995)
at org.testng.internal.invokers.TestInvoker.invokeTestMethods(TestInvoker.java:203)
at org.testng.internal.invokers.TestMethodWorker.invokeTestMethods(TestMethodWorker.java:154)
at org.testng.internal.invokers.TestMethodWorker.run(TestMethodWorker.java:134)
at java.base/java.util.ArrayList.forEach(ArrayList.java:1596)
at org.testng.TestRunner.privateRun(TestRunner.java:741)
at org.testng.TestRunner.run(TestRunner.java:616)
at org.testng.SuiteRunner.runTest(SuiteRunner.java:421)
at org.testng.SuiteRunner.runSequentially(SuiteRunner.java:413)
at org.testng.SuiteRunner.privateRun(SuiteRunner.java:373)
at org.testng.SuiteRunner.run(SuiteRunner.java:312)
at org.testng.SuiteRunnerWorker.runSuite(SuiteRunnerWorker.java:52)
at org.testng.SuiteRunnerWorker.run(SuiteRunnerWorker.java:95)
at org.testng.TestNG.runSuitesSequentially(TestNG.java:1274)
at org.testng.TestNG.runSuitesLocally(TestNG.java:1208)
at org.testng.TestNG.runSuites(TestNG.java:1112)
at org.testng.TestNG.run(TestNG.java:1079)
at org.testng.remote.AbstractRemoteTestNG.run(AbstractRemoteTestNG.java:115)
at org.testng.remote.RemoteTestNG.initAndRun(RemoteTestNG.java:293)
at org.testng.remote.RemoteTestNG.main(RemoteTestNG.java:91)
]]>
            </full-stacktrace>
          </exception> <!-- org.openqa.selenium.TimeoutException -->
          <reporter-output>
          </reporter-output>
        </test-method> <!-- TestCase01 -->
        <test-method is-config="true" signature="tearDown()[pri:0, instance:Aircon.AirconTesting.HomeLoginTest@30c15d8b]" started-at="2025-07-24T14:37:45 IST" name="tearDown" finished-at="2025-07-24T14:37:46 IST" duration-ms="555" status="PASS">
          <reporter-output>
          </reporter-output>
        </test-method> <!-- tearDown -->
        <test-method is-config="true" signature="setUp()[pri:0, instance:Aircon.AirconTesting.HomeLoginTest@30c15d8b]" started-at="2025-07-24T14:37:46 IST" name="setUp" finished-at="2025-07-24T14:37:47 IST" duration-ms="1321" status="PASS">
          <reporter-output>
          </reporter-output>
        </test-method> <!-- setUp -->
        <test-method signature="TestCase02()[pri:0, instance:Aircon.AirconTesting.HomeLoginTest@30c15d8b]" started-at="2025-07-24T14:37:47 IST" name="TestCase02" finished-at="2025-07-24T14:38:06 IST" duration-ms="18777" status="FAIL">
          <exception class="org.openqa.selenium.TimeoutException">
            <message>
              <![CDATA[Expected condition failed: waiting for element to be clickable: By.xpath: //a[@href='/product-highlights'] (tried for 10 second(s) with 500 milliseconds interval)
Build info: version: '4.34.0', revision: '707dcb4246*'
System info: os.name: 'Windows 11', os.arch: 'amd64', os.version: '10.0', java.version: '21.0.5'
Driver info: org.openqa.selenium.chrome.ChromeDriver
Capabilities {acceptInsecureCerts: false, browserName: chrome, browserVersion: 138.0.7204.159, chrome: {chromedriverVersion: 138.0.7204.168 (3e8d82e86e9..., userDataDir: C:\Users\Hi\AppData\Local\T...}, fedcm:accounts: true, goog:chromeOptions: {debuggerAddress: localhost:16707}, networkConnectionEnabled: false, pageLoadStrategy: normal, platformName: windows, proxy: Proxy(), se:cdp: ws://localhost:16707/devtoo..., se:cdpVersion: 138.0.7204.159, setWindowRect: true, strictFileInteractability: false, timeouts: {implicit: 0, pageLoad: 300000, script: 30000}, unhandledPromptBehavior: dismiss and notify, webauthn:extension:credBlob: true, webauthn:extension:largeBlob: true, webauthn:extension:minPinLength: true, webauthn:extension:prf: true, webauthn:virtualAuthenticators: true}
Session ID: d3c6f64748dd1547d1b93366121132a7]]>
            </message>
            <full-stacktrace>
              <![CDATA[org.openqa.selenium.TimeoutException: Expected condition failed: waiting for element to be clickable: By.xpath: //a[@href='/product-highlights'] (tried for 10 second(s) with 500 milliseconds interval)
Build info: version: '4.34.0', revision: '707dcb4246*'
System info: os.name: 'Windows 11', os.arch: 'amd64', os.version: '10.0', java.version: '21.0.5'
Driver info: org.openqa.selenium.chrome.ChromeDriver
Capabilities {acceptInsecureCerts: false, browserName: chrome, browserVersion: 138.0.7204.159, chrome: {chromedriverVersion: 138.0.7204.168 (3e8d82e86e9..., userDataDir: C:\Users\Hi\AppData\Local\T...}, fedcm:accounts: true, goog:chromeOptions: {debuggerAddress: localhost:16707}, networkConnectionEnabled: false, pageLoadStrategy: normal, platformName: windows, proxy: Proxy(), se:cdp: ws://localhost:16707/devtoo..., se:cdpVersion: 138.0.7204.159, setWindowRect: true, strictFileInteractability: false, timeouts: {implicit: 0, pageLoad: 300000, script: 30000}, unhandledPromptBehavior: dismiss and notify, webauthn:extension:credBlob: true, webauthn:extension:largeBlob: true, webauthn:extension:minPinLength: true, webauthn:extension:prf: true, webauthn:virtualAuthenticators: true}
Session ID: d3c6f64748dd1547d1b93366121132a7
at org.openqa.selenium.support.ui.WebDriverWait.timeoutException(WebDriverWait.java:84)
at org.openqa.selenium.support.ui.FluentWait.until(FluentWait.java:228)
at Aircon.AirconTesting.HomeLoginTest.TestCase02(HomeLoginTest.java:96)
at java.base/jdk.internal.reflect.DirectMethodHandleAccessor.invoke(DirectMethodHandleAccessor.java:103)
at java.base/java.lang.reflect.Method.invoke(Method.java:580)
at org.testng.internal.invokers.MethodInvocationHelper.invokeMethod(MethodInvocationHelper.java:141)
at org.testng.internal.invokers.TestInvoker.invokeMethod(TestInvoker.java:687)
at org.testng.internal.invokers.TestInvoker.invokeTestMethod(TestInvoker.java:230)
at org.testng.internal.invokers.MethodRunner.runInSequence(MethodRunner.java:63)
at org.testng.internal.invokers.TestInvoker$MethodInvocationAgent.invoke(TestInvoker.java:995)
at org.testng.internal.invokers.TestInvoker.invokeTestMethods(TestInvoker.java:203)
at org.testng.internal.invokers.TestMethodWorker.invokeTestMethods(TestMethodWorker.java:154)
at org.testng.internal.invokers.TestMethodWorker.run(TestMethodWorker.java:134)
at java.base/java.util.ArrayList.forEach(ArrayList.java:1596)
at org.testng.TestRunner.privateRun(TestRunner.java:741)
at org.testng.TestRunner.run(TestRunner.java:616)
at org.testng.SuiteRunner.runTest(SuiteRunner.java:421)
at org.testng.SuiteRunner.runSequentially(SuiteRunner.java:413)
at org.testng.SuiteRunner.privateRun(SuiteRunner.java:373)
at org.testng.SuiteRunner.run(SuiteRunner.java:312)
at org.testng.SuiteRunnerWorker.runSuite(SuiteRunnerWorker.java:52)
at org.testng.SuiteRunnerWorker.run(SuiteRunnerWorker.java:95)
at org.testng.TestNG.runSuitesSequentially(TestNG.java:1274)
at org.testng.TestNG.runSuitesLocally(TestNG.java:1208)
at org.testng.TestNG.runSuites(TestNG.java:1112)
at org.testng.TestNG.run(TestNG.java:1079)
at org.testng.remote.AbstractRemoteTestNG.run(AbstractRemoteTestNG.java:115)
at org.testng.remote.RemoteTestNG.initAndRun(RemoteTestNG.java:293)
at org.testng.remote.RemoteTestNG.main(RemoteTestNG.java:91)
]]>
            </full-stacktrace>
          </exception> <!-- org.openqa.selenium.TimeoutException -->
          <reporter-output>
          </reporter-output>
        </test-method> <!-- TestCase02 -->
        <test-method is-config="true" signature="tearDown()[pri:0, instance:Aircon.AirconTesting.HomeLoginTest@30c15d8b]" started-at="2025-07-24T14:38:06 IST" name="tearDown" finished-at="2025-07-24T14:38:07 IST" duration-ms="528" status="PASS">
          <reporter-output>
          </reporter-output>
        </test-method> <!-- tearDown -->
        <test-method is-config="true" signature="setUp()[pri:0, instance:Aircon.AirconTesting.HomeLoginTest@30c15d8b]" started-at="2025-07-24T14:38:07 IST" name="setUp" finished-at="2025-07-24T14:38:08 IST" duration-ms="1235" status="PASS">
          <reporter-output>
          </reporter-output>
        </test-method> <!-- setUp -->
        <test-method signature="TestCase03()[pri:0, instance:Aircon.AirconTesting.HomeLoginTest@30c15d8b]" started-at="2025-07-24T14:38:08 IST" name="TestCase03" finished-at="2025-07-24T14:38:15 IST" duration-ms="7089" status="PASS">
          <reporter-output>
          </reporter-output>
        </test-method> <!-- TestCase03 -->
        <test-method is-config="true" signature="tearDown()[pri:0, instance:Aircon.AirconTesting.HomeLoginTest@30c15d8b]" started-at="2025-07-24T14:38:15 IST" name="tearDown" finished-at="2025-07-24T14:38:15 IST" duration-ms="434" status="PASS">
          <reporter-output>
          </reporter-output>
        </test-method> <!-- tearDown -->
        <test-method is-config="true" signature="setUp()[pri:0, instance:Aircon.AirconTesting.HomeLoginTest@30c15d8b]" started-at="2025-07-24T14:38:15 IST" name="setUp" finished-at="2025-07-24T14:38:17 IST" duration-ms="1193" status="PASS">
          <reporter-output>
          </reporter-output>
        </test-method> <!-- setUp -->
        <test-method signature="TestCase05()[pri:0, instance:Aircon.AirconTesting.HomeLoginTest@30c15d8b]" started-at="2025-07-24T14:38:17 IST" name="TestCase05" finished-at="2025-07-24T14:38:22 IST" duration-ms="5582" status="PASS">
          <reporter-output>
          </reporter-output>
        </test-method> <!-- TestCase05 -->
        <test-method is-config="true" signature="tearDown()[pri:0, instance:Aircon.AirconTesting.HomeLoginTest@30c15d8b]" started-at="2025-07-24T14:38:22 IST" name="tearDown" finished-at="2025-07-24T14:38:23 IST" duration-ms="462" status="PASS">
          <reporter-output>
          </reporter-output>
        </test-method> <!-- tearDown -->
        <test-method is-config="true" signature="setUp()[pri:0, instance:Aircon.AirconTesting.HomeLoginTest@30c15d8b]" started-at="2025-07-24T14:38:23 IST" name="setUp" finished-at="2025-07-24T14:38:24 IST" duration-ms="1151" status="PASS">
          <reporter-output>
          </reporter-output>
        </test-method> <!-- setUp -->
        <test-method signature="TestCase06()[pri:0, instance:Aircon.AirconTesting.HomeLoginTest@30c15d8b]" started-at="2025-07-24T14:38:24 IST" name="TestCase06" finished-at="2025-07-24T14:38:32 IST" duration-ms="8539" status="PASS">
          <reporter-output>
          </reporter-output>
        </test-method> <!-- TestCase06 -->
        <test-method is-config="true" signature="tearDown()[pri:0, instance:Aircon.AirconTesting.HomeLoginTest@30c15d8b]" started-at="2025-07-24T14:38:32 IST" name="tearDown" finished-at="2025-07-24T14:38:33 IST" duration-ms="431" status="PASS">
          <reporter-output>
          </reporter-output>
        </test-method> <!-- tearDown -->
        <test-method is-config="true" signature="setUp()[pri:0, instance:Aircon.AirconTesting.HomeLoginTest@30c15d8b]" started-at="2025-07-24T14:38:33 IST" name="setUp" finished-at="2025-07-24T14:38:34 IST" duration-ms="1308" status="PASS">
          <reporter-output>
          </reporter-output>
        </test-method> <!-- setUp -->
        <test-method signature="TestCase07()[pri:0, instance:Aircon.AirconTesting.HomeLoginTest@30c15d8b]" started-at="2025-07-24T14:38:34 IST" name="TestCase07" finished-at="2025-07-24T14:38:42 IST" duration-ms="8281" status="PASS">
          <reporter-output>
          </reporter-output>
        </test-method> <!-- TestCase07 -->
        <test-method is-config="true" signature="tearDown()[pri:0, instance:Aircon.AirconTesting.HomeLoginTest@30c15d8b]" started-at="2025-07-24T14:38:42 IST" name="tearDown" finished-at="2025-07-24T14:38:43 IST" duration-ms="433" status="PASS">
          <reporter-output>
          </reporter-output>
        </test-method> <!-- tearDown -->
        <test-method is-config="true" signature="setUp()[pri:0, instance:Aircon.AirconTesting.HomeLoginTest@30c15d8b]" started-at="2025-07-24T14:38:43 IST" name="setUp" finished-at="2025-07-24T14:38:44 IST" duration-ms="1226" status="PASS">
          <reporter-output>
          </reporter-output>
        </test-method> <!-- setUp -->
        <test-method signature="TestCase08()[pri:0, instance:Aircon.AirconTesting.HomeLoginTest@30c15d8b]" started-at="2025-07-24T14:38:44 IST" name="TestCase08" finished-at="2025-07-24T14:38:59 IST" duration-ms="14867" status="PASS">
          <reporter-output>
          </reporter-output>
        </test-method> <!-- TestCase08 -->
        <test-method is-config="true" signature="tearDown()[pri:0, instance:Aircon.AirconTesting.HomeLoginTest@30c15d8b]" started-at="2025-07-24T14:38:59 IST" name="tearDown" finished-at="2025-07-24T14:39:00 IST" duration-ms="891" status="PASS">
          <reporter-output>
          </reporter-output>
        </test-method> <!-- tearDown -->
        <test-method is-config="true" signature="setUp()[pri:0, instance:Aircon.AirconTesting.HomeLoginTest@30c15d8b]" started-at="2025-07-24T14:39:00 IST" name="setUp" finished-at="2025-07-24T14:39:01 IST" duration-ms="1045" status="PASS">
          <reporter-output>
          </reporter-output>
        </test-method> <!-- setUp -->
        <test-method signature="TestCase09()[pri:0, instance:Aircon.AirconTesting.HomeLoginTest@30c15d8b]" started-at="2025-07-24T14:39:01 IST" name="TestCase09" finished-at="2025-07-24T14:39:15 IST" duration-ms="13761" status="PASS">
          <reporter-output>
          </reporter-output>
        </test-method> <!-- TestCase09 -->
        <test-method is-config="true" signature="tearDown()[pri:0, instance:Aircon.AirconTesting.HomeLoginTest@30c15d8b]" started-at="2025-07-24T14:39:15 IST" name="tearDown" finished-at="2025-07-24T14:39:15 IST" duration-ms="365" status="PASS">
          <reporter-output>
          </reporter-output>
        </test-method> <!-- tearDown -->
        <test-method is-config="true" signature="setUp()[pri:0, instance:Aircon.AirconTesting.HomeLoginTest@30c15d8b]" started-at="2025-07-24T14:39:15 IST" name="setUp" finished-at="2025-07-24T14:39:16 IST" duration-ms="1158" status="PASS">
          <reporter-output>
          </reporter-output>
        </test-method> <!-- setUp -->
        <test-method signature="TestCase10()[pri:0, instance:Aircon.AirconTesting.HomeLoginTest@30c15d8b]" started-at="2025-07-24T14:39:16 IST" name="TestCase10" finished-at="2025-07-24T14:39:25 IST" duration-ms="8754" status="PASS">
          <reporter-output>
          </reporter-output>
        </test-method> <!-- TestCase10 -->
        <test-method is-config="true" signature="tearDown()[pri:0, instance:Aircon.AirconTesting.HomeLoginTest@30c15d8b]" started-at="2025-07-24T14:39:25 IST" name="tearDown" finished-at="2025-07-24T14:39:25 IST" duration-ms="226" status="PASS">
          <reporter-output>
          </reporter-output>
        </test-method> <!-- tearDown -->
        <test-method is-config="true" signature="setUp()[pri:0, instance:Aircon.AirconTesting.HomeLoginTest@30c15d8b]" started-at="2025-07-24T14:39:25 IST" name="setUp" finished-at="2025-07-24T14:39:26 IST" duration-ms="1228" status="PASS">
          <reporter-output>
          </reporter-output>
        </test-method> <!-- setUp -->
        <test-method signature="TestCase11()[pri:0, instance:Aircon.AirconTesting.HomeLoginTest@30c15d8b]" started-at="2025-07-24T14:39:26 IST" name="TestCase11" finished-at="2025-07-24T14:39:38 IST" duration-ms="12168" status="PASS">
          <reporter-output>
          </reporter-output>
        </test-method> <!-- TestCase11 -->
        <test-method is-config="true" signature="tearDown()[pri:0, instance:Aircon.AirconTesting.HomeLoginTest@30c15d8b]" started-at="2025-07-24T14:39:38 IST" name="tearDown" finished-at="2025-07-24T14:39:39 IST" duration-ms="551" status="PASS">
          <reporter-output>
          </reporter-output>
        </test-method> <!-- tearDown -->
        <test-method is-config="true" signature="setUp()[pri:0, instance:Aircon.AirconTesting.HomeLoginTest@30c15d8b]" started-at="2025-07-24T14:39:39 IST" name="setUp" finished-at="2025-07-24T14:39:40 IST" duration-ms="1311" status="PASS">
          <reporter-output>
          </reporter-output>
        </test-method> <!-- setUp -->
        <test-method signature="TestCase12()[pri:0, instance:Aircon.AirconTesting.HomeLoginTest@30c15d8b]" started-at="2025-07-24T14:39:40 IST" name="TestCase12" finished-at="2025-07-24T14:39:52 IST" duration-ms="11987" status="PASS">
          <reporter-output>
          </reporter-output>
        </test-method> <!-- TestCase12 -->
        <test-method is-config="true" signature="tearDown()[pri:0, instance:Aircon.AirconTesting.HomeLoginTest@30c15d8b]" started-at="2025-07-24T14:39:52 IST" name="tearDown" finished-at="2025-07-24T14:39:54 IST" duration-ms="1812" status="PASS">
          <reporter-output>
          </reporter-output>
        </test-method> <!-- tearDown -->
        <test-method is-config="true" signature="setUp()[pri:0, instance:Aircon.AirconTesting.HomeLoginTest@30c15d8b]" started-at="2025-07-24T14:39:54 IST" name="setUp" finished-at="2025-07-24T14:39:55 IST" duration-ms="1142" status="PASS">
          <reporter-output>
          </reporter-output>
        </test-method> <!-- setUp -->
        <test-method signature="TestCase13()[pri:0, instance:Aircon.AirconTesting.HomeLoginTest@30c15d8b]" started-at="2025-07-24T14:39:55 IST" name="TestCase13" finished-at="2025-07-24T14:40:07 IST" duration-ms="11338" status="PASS">
          <reporter-output>
          </reporter-output>
        </test-method> <!-- TestCase13 -->
        <test-method is-config="true" signature="tearDown()[pri:0, instance:Aircon.AirconTesting.HomeLoginTest@30c15d8b]" started-at="2025-07-24T14:40:07 IST" name="tearDown" finished-at="2025-07-24T14:40:07 IST" duration-ms="648" status="PASS">
          <reporter-output>
          </reporter-output>
        </test-method> <!-- tearDown -->
        <test-method is-config="true" signature="setUp()[pri:0, instance:Aircon.AirconTesting.HomeLoginTest@30c15d8b]" started-at="2025-07-24T14:40:07 IST" name="setUp" finished-at="2025-07-24T14:40:09 IST" duration-ms="1405" status="PASS">
          <reporter-output>
          </reporter-output>
        </test-method> <!-- setUp -->
        <test-method signature="TestCase14()[pri:0, instance:Aircon.AirconTesting.HomeLoginTest@30c15d8b]" started-at="2025-07-24T14:40:09 IST" name="TestCase14" finished-at="2025-07-24T14:40:24 IST" duration-ms="15227" status="PASS">
          <reporter-output>
          </reporter-output>
        </test-method> <!-- TestCase14 -->
        <test-method is-config="true" signature="tearDown()[pri:0, instance:Aircon.AirconTesting.HomeLoginTest@30c15d8b]" started-at="2025-07-24T14:40:24 IST" name="tearDown" finished-at="2025-07-24T14:40:24 IST" duration-ms="238" status="PASS">
          <reporter-output>
          </reporter-output>
        </test-method> <!-- tearDown -->
        <test-method is-config="true" signature="setUp()[pri:0, instance:Aircon.AirconTesting.HomeLoginTest@30c15d8b]" started-at="2025-07-24T14:40:24 IST" name="setUp" finished-at="2025-07-24T14:40:25 IST" duration-ms="1076" status="PASS">
          <reporter-output>
          </reporter-output>
        </test-method> <!-- setUp -->
        <test-method signature="TestCase15()[pri:0, instance:Aircon.AirconTesting.HomeLoginTest@30c15d8b]" started-at="2025-07-24T14:40:25 IST" name="TestCase15" finished-at="2025-07-24T14:40:41 IST" duration-ms="16105" status="PASS">
          <reporter-output>
          </reporter-output>
        </test-method> <!-- TestCase15 -->
        <test-method is-config="true" signature="tearDown()[pri:0, instance:Aircon.AirconTesting.HomeLoginTest@30c15d8b]" started-at="2025-07-24T14:40:41 IST" name="tearDown" finished-at="2025-07-24T14:40:42 IST" duration-ms="318" status="PASS">
          <reporter-output>
          </reporter-output>
        </test-method> <!-- tearDown -->
        <test-method is-config="true" signature="setUp()[pri:0, instance:Aircon.AirconTesting.HomeLoginTest@30c15d8b]" started-at="2025-07-24T14:40:42 IST" name="setUp" finished-at="2025-07-24T14:40:43 IST" duration-ms="1064" status="PASS">
          <reporter-output>
          </reporter-output>
        </test-method> <!-- setUp -->
        <test-method signature="TestCase25()[pri:0, instance:Aircon.AirconTesting.HomeLoginTest@30c15d8b]" started-at="2025-07-24T14:40:43 IST" name="TestCase25" finished-at="2025-07-24T14:40:54 IST" duration-ms="11178" status="PASS">
          <reporter-output>
          </reporter-output>
        </test-method> <!-- TestCase25 -->
        <test-method is-config="true" signature="tearDown()[pri:0, instance:Aircon.AirconTesting.HomeLoginTest@30c15d8b]" started-at="2025-07-24T14:40:54 IST" name="tearDown" finished-at="2025-07-24T14:40:54 IST" duration-ms="421" status="PASS">
          <reporter-output>
          </reporter-output>
        </test-method> <!-- tearDown -->
        <test-method is-config="true" signature="setUp()[pri:0, instance:Aircon.AirconTesting.HomeLoginTest@30c15d8b]" started-at="2025-07-24T14:40:54 IST" name="setUp" finished-at="2025-07-24T14:40:55 IST" duration-ms="1051" status="PASS">
          <reporter-output>
          </reporter-output>
        </test-method> <!-- setUp -->
        <test-method signature="TestCase26()[pri:0, instance:Aircon.AirconTesting.HomeLoginTest@30c15d8b]" started-at="2025-07-24T14:40:55 IST" name="TestCase26" finished-at="2025-07-24T14:41:11 IST" duration-ms="15943" status="PASS">
          <reporter-output>
          </reporter-output>
        </test-method> <!-- TestCase26 -->
        <test-method is-config="true" signature="tearDown()[pri:0, instance:Aircon.AirconTesting.HomeLoginTest@30c15d8b]" started-at="2025-07-24T14:41:11 IST" name="tearDown" finished-at="2025-07-24T14:41:12 IST" duration-ms="255" status="PASS">
          <reporter-output>
          </reporter-output>
        </test-method> <!-- tearDown -->
      </class> <!-- Aircon.AirconTesting.HomeLoginTest -->
    </test> <!-- Default test -->
  </suite> <!-- Default suite -->
</testng-results>
